Working with z of shape (1, 16, 16, 16) = 4096 dimensions.
Loading pre-trained KL-VAE
Missing keys:
[]
Unexpected keys:
[]
Restored from pretrained_models/vae/kl16.ckpt
prepare finished.
std: 4.330113, scale_factor: 0.230941

Working with z of shape (1, 32, 16, 16) = 8192 dimensions.
Loading pre-trained KL-VAE
Missing keys:
[]
Unexpected keys:
[]
Restored from /path/to/LightningDiT/vavae-imagenet256-f16d32-dinov2.pt
prepare finished.
std: 3.681655, scale_factor: 0.271617

Working with z of shape (1, 32, 16, 16) = 8192 dimensions.
Loading pre-trained KL-VAE
Missing keys:
[]
Unexpected keys:
[]
Restored from /path/to/LightningDiT/vavae/logs/f16d32_vfdinov2_high/checkpoints/last.ckpt
prepare finished.
std: 1.102338, scale_factor: 0.907163

Working with z of shape (1, 32, 16, 16) = 8192 dimensions.
Loading pre-trained KL-VAE
Missing keys:
[]
Unexpected keys:
[]
Restored from /path/to/LightningDiT/vavae/logs/f16d32_vfdinov2_low/checkpoints/last.ckpt
prepare finished.
std: 3.427778, scale_factor: 0.291734
